[{"line":1,"elements":[{"start_timestamp":"2025-04-28T13:41:35.018Z","line":3,"name":"Register to an activity as employee","description":"","id":"activity-register-#jeppe;register-to-an-activity-as-employee","type":"scenario","keyword":"Scenario","steps":[{"result":{"duration":44273000,"status":"passed"},"line":4,"name":"an activity with a project leader","match":{"location":"hellocucumber.StepDefinitionsActivity.anActivityWithAProjectLeader()"},"keyword":"Given "},{"result":{"duration":4020200,"status":"passed"},"line":5,"name":"an employee with UID \"XX12\" requests to join an activity","match":{"arguments":[{"val":"\"XX12\"","offset":21}],"location":"hellocucumber.StepDefinitionsActivity.anEmployeeWithUIDRequestsToJoinAnActivity(java.lang.String)"},"keyword":"When "},{"result":{"duration":5974400,"status":"passed"},"line":6,"name":"the employee with UID \"xx12\" is added to the activity","match":{"arguments":[{"val":"\"xx12\"","offset":22}],"location":"hellocucumber.StepDefinitionsActivity.theEmployeeWithUIDIsAddedToTheActivity(java.lang.String)"},"keyword":"Then "}]},{"start_timestamp":"2025-04-28T13:41:35.165Z","line":8,"name":"Register an employee for an activity as a project leader","description":"","id":"activity-register-#jeppe;register-an-employee-for-an-activity-as-a-project-leader","type":"scenario","keyword":"Scenario","steps":[{"result":{"status":"passed"},"line":9,"name":"an activity with a project leader and free timeslots","match":{"location":"hellocucumber.StepDefinitionsActivity.an_activity_with_a_project_leader_and_free_timeslots()"},"keyword":"Given "},{"result":{"duration":2002900,"status":"passed"},"line":10,"name":"the project leader with UID \"XX20\" registers an employee with UID \"XX21\" for the activity","match":{"arguments":[{"val":"\"XX20\"","offset":28},{"val":"\"XX21\"","offset":66}],"location":"hellocucumber.StepDefinitionsActivity.the_project_leader_with_UID_registers_an_employee_with_UID_for_the_activity(java.lang.String,java.lang.String)"},"keyword":"When "},{"result":{"duration":906100,"status":"passed"},"line":11,"name":"the employee with UID \"XX21\" is added to the activity","match":{"arguments":[{"val":"\"XX21\"","offset":22}],"location":"hellocucumber.StepDefinitionsActivity.theEmployeeWithUIDIsAddedToTheActivity(java.lang.String)"},"keyword":"Then "}]},{"start_timestamp":"2025-04-28T13:41:35.216Z","line":13,"name":"Change activity date","description":"","id":"activity-register-#jeppe;change-activity-date","type":"scenario","keyword":"Scenario","steps":[{"result":{"duration":4028800,"status":"passed"},"line":14,"name":"an activity with name \"Build bench\" and start date \"week 10 year 2022\" and end date \"week 13 year 2022\"","match":{"arguments":[{"val":"\"Build bench\"","offset":22},{"val":"\"week 10 year 2022\"","offset":51},{"val":"\"week 13 year 2022\"","offset":84}],"location":"hellocucumber.StepDefinitionsActivity.an_activity_with_name_and_start_date_and_end_date(java.lang.String,java.lang.String,java.lang.String)"},"keyword":"Given "},{"result":{"error_message":"io.cucumber.core.exception.CucumberException: Could not invoke step [the project leader with UID {string} sets the dates to {string} and {string}] defined at 'hellocucumber.StepDefinitionsActivity.the_project_leader_with_UID_sets_the_dates_to_and(java.lang.String,java.util.Date,java.util.Date)'.\nIt appears there was a problem with the step definition.\nThe converted arguments types were (java.lang.String, java.lang.String, java.lang.String)\r\n\tat io.cucumber.core.runner.PickleStepDefinitionMatch.couldNotInvokeStep(PickleStepDefinitionMatch.java:129)\r\n\tat io.cucumber.core.runner.PickleStepDefinitionMatch.runStep(PickleStepDefinitionMatch.java:64)\r\n\tat io.cucumber.core.runner.ExecutionMode$1.execute(ExecutionMode.java:10)\r\n\tat io.cucumber.core.runner.TestStep.executeStep(TestStep.java:81)\r\n\tat io.cucumber.core.runner.TestStep.run(TestStep.java:53)\r\n\tat io.cucumber.core.runner.PickleStepTestStep.run(PickleStepTestStep.java:51)\r\n\tat io.cucumber.core.runner.TestCase.run(TestCase.java:84)\r\n\tat io.cucumber.core.runner.Runner.runPickle(Runner.java:75)\r\n\tat io.cucumber.junit.platform.engine.CucumberEngineExecutionContext.lambda$runTestCase$4(CucumberEngineExecutionContext.java:114)\r\n\tat io.cucumber.core.runtime.CucumberExecutionContext.lambda$runTestCase$5(CucumberExecutionContext.java:136)\r\n\tat io.cucumber.core.runtime.RethrowingThrowableCollector.executeAndThrow(RethrowingThrowableCollector.java:23)\r\n\tat io.cucumber.core.runtime.CucumberExecutionContext.runTestCase(CucumberExecutionContext.java:136)\r\n\tat io.cucumber.junit.platform.engine.CucumberEngineExecutionContext.runTestCase(CucumberEngineExecutionContext.java:111)\r\n\tat io.cucumber.junit.platform.engine.NodeDescriptor$PickleDescriptor.execute(NodeDescriptor.java:168)\r\n\tat io.cucumber.junit.platform.engine.NodeDescriptor$PickleDescriptor.execute(NodeDescriptor.java:90)\r\n\tat org.junit.platform.engine.support.hierarchical.NodeTestTask.lambda$executeRecursively$6(NodeTestTask.java:156)\r\n\tat org.junit.platform.engine.support.hierarchical.ThrowableCollector.execute(ThrowableCollector.java:73)\r\n\tat org.junit.platform.engine.support.hierarchical.NodeTestTask.lambda$executeRecursively$8(NodeTestTask.java:146)\r\n\tat org.junit.platform.engine.support.hierarchical.Node.around(Node.java:137)\r\n\tat org.junit.platform.engine.support.hierarchical.NodeTestTask.lambda$executeRecursively$9(NodeTestTask.java:144)\r\n\tat org.junit.platform.engine.support.hierarchical.ThrowableCollector.execute(ThrowableCollector.java:73)\r\n\tat org.junit.platform.engine.support.hierarchical.NodeTestTask.executeRecursively(NodeTestTask.java:143)\r\n\tat org.junit.platform.engine.support.hierarchical.NodeTestTask.execute(NodeTestTask.java:100)\r\n\tat java.base/java.util.ArrayList.forEach(Unknown Source)\r\n\tat org.junit.platform.engine.support.hierarchical.SameThreadHierarchicalTestExecutorService.invokeAll(SameThreadHierarchicalTestExecutorService.java:41)\r\n\tat org.junit.platform.engine.support.hierarchical.NodeTestTask.lambda$executeRecursively$6(NodeTestTask.java:160)\r\n\tat org.junit.platform.engine.support.hierarchical.ThrowableCollector.execute(ThrowableCollector.java:73)\r\n\tat org.junit.platform.engine.support.hierarchical.NodeTestTask.lambda$executeRecursively$8(NodeTestTask.java:146)\r\n\tat org.junit.platform.engine.support.hierarchical.Node.around(Node.java:137)\r\n\tat org.junit.platform.engine.support.hierarchical.NodeTestTask.lambda$executeRecursively$9(NodeTestTask.java:144)\r\n\tat org.junit.platform.engine.support.hierarchical.ThrowableCollector.execute(ThrowableCollector.java:73)\r\n\tat org.junit.platform.engine.support.hierarchical.NodeTestTask.executeRecursively(NodeTestTask.java:143)\r\n\tat org.junit.platform.engine.support.hierarchical.NodeTestTask.execute(NodeTestTask.java:100)\r\n\tat java.base/java.util.ArrayList.forEach(Unknown Source)\r\n\tat org.junit.platform.engine.support.hierarchical.SameThreadHierarchicalTestExecutorService.invokeAll(SameThreadHierarchicalTestExecutorService.java:41)\r\n\tat org.junit.platform.engine.support.hierarchical.NodeTestTask.lambda$executeRecursively$6(NodeTestTask.java:160)\r\n\tat org.junit.platform.engine.support.hierarchical.ThrowableCollector.execute(ThrowableCollector.java:73)\r\n\tat org.junit.platform.engine.support.hierarchical.NodeTestTask.lambda$executeRecursively$8(NodeTestTask.java:146)\r\n\tat org.junit.platform.engine.support.hierarchical.Node.around(Node.java:137)\r\n\tat org.junit.platform.engine.support.hierarchical.NodeTestTask.lambda$executeRecursively$9(NodeTestTask.java:144)\r\n\tat org.junit.platform.engine.support.hierarchical.ThrowableCollector.execute(ThrowableCollector.java:73)\r\n\tat org.junit.platform.engine.support.hierarchical.NodeTestTask.executeRecursively(NodeTestTask.java:143)\r\n\tat org.junit.platform.engine.support.hierarchical.NodeTestTask.execute(NodeTestTask.java:100)\r\n\tat org.junit.platform.engine.support.hierarchical.SameThreadHierarchicalTestExecutorService.submit(SameThreadHierarchicalTestExecutorService.java:35)\r\n\tat org.junit.platform.engine.support.hierarchical.HierarchicalTestExecutor.execute(HierarchicalTestExecutor.java:57)\r\n\tat org.junit.platform.engine.support.hierarchical.HierarchicalTestEngine.execute(HierarchicalTestEngine.java:54)\r\n\tat org.junit.platform.launcher.core.EngineExecutionOrchestrator.execute(EngineExecutionOrchestrator.java:198)\r\n\tat org.junit.platform.launcher.core.EngineExecutionOrchestrator.execute(EngineExecutionOrchestrator.java:169)\r\n\tat org.junit.platform.launcher.core.EngineExecutionOrchestrator.execute(EngineExecutionOrchestrator.java:93)\r\n\tat org.junit.platform.launcher.core.EngineExecutionOrchestrator.execute(EngineExecutionOrchestrator.java:76)\r\n\tat org.junit.platform.suite.engine.SuiteLauncher.execute(SuiteLauncher.java:63)\r\n\tat org.junit.platform.suite.engine.SuiteTestDescriptor.executeTests(SuiteTestDescriptor.java:168)\r\n\tat org.junit.platform.suite.engine.SuiteTestDescriptor.execute(SuiteTestDescriptor.java:137)\r\n\tat org.junit.platform.suite.engine.SuiteTestEngine.lambda$execute$0(SuiteTestEngine.java:73)\r\n\tat java.base/java.util.stream.ForEachOps$ForEachOp$OfRef.accept(Unknown Source)\r\n\tat java.base/java.util.stream.ReferencePipeline$3$1.accept(Unknown Source)\r\n\tat java.base/java.util.Iterator.forEachRemaining(Unknown Source)\r\n\tat java.base/java.util.Spliterators$IteratorSpliterator.forEachRemaining(Unknown Source)\r\n\tat java.base/java.util.stream.AbstractPipeline.copyInto(Unknown Source)\r\n\tat java.base/java.util.stream.AbstractPipeline.wrapAndCopyInto(Unknown Source)\r\n\tat java.base/java.util.stream.ForEachOps$ForEachOp.evaluateSequential(Unknown Source)\r\n\tat java.base/java.util.stream.ForEachOps$ForEachOp$OfRef.evaluateSequential(Unknown Source)\r\n\tat java.base/java.util.stream.AbstractPipeline.evaluate(Unknown Source)\r\n\tat java.base/java.util.stream.ReferencePipeline.forEach(Unknown Source)\r\n\tat org.junit.platform.suite.engine.SuiteTestEngine.execute(SuiteTestEngine.java:73)\r\n\tat org.junit.platform.launcher.core.EngineExecutionOrchestrator.execute(EngineExecutionOrchestrator.java:198)\r\n\tat org.junit.platform.launcher.core.EngineExecutionOrchestrator.execute(EngineExecutionOrchestrator.java:169)\r\n\tat org.junit.platform.launcher.core.EngineExecutionOrchestrator.execute(EngineExecutionOrchestrator.java:93)\r\n\tat org.junit.platform.launcher.core.EngineExecutionOrchestrator.lambda$execute$0(EngineExecutionOrchestrator.java:58)\r\n\tat org.junit.platform.launcher.core.EngineExecutionOrchestrator.withInterceptedStreams(EngineExecutionOrchestrator.java:141)\r\n\tat org.junit.platform.launcher.core.EngineExecutionOrchestrator.execute(EngineExecutionOrchestrator.java:57)\r\n\tat org.junit.platform.launcher.core.DefaultLauncher.execute(DefaultLauncher.java:103)\r\n\tat org.junit.platform.launcher.core.DefaultLauncher.execute(DefaultLauncher.java:94)\r\n\tat org.junit.platform.launcher.core.DelegatingLauncher.execute(DelegatingLauncher.java:52)\r\n\tat org.junit.platform.launcher.core.SessionPerRequestLauncher.execute(SessionPerRequestLauncher.java:70)\r\n\tat org.eclipse.jdt.internal.junit5.runner.JUnit5TestReference.run(JUnit5TestReference.java:100)\r\n\tat org.eclipse.jdt.internal.junit.runner.TestExecution.run(TestExecution.java:40)\r\n\tat org.eclipse.jdt.internal.junit.runner.RemoteTestRunner.runTests(RemoteTestRunner.java:520)\r\n\tat org.eclipse.jdt.internal.junit.runner.RemoteTestRunner.runTests(RemoteTestRunner.java:748)\r\n\tat org.eclipse.jdt.internal.junit.runner.RemoteTestRunner.run(RemoteTestRunner.java:443)\r\n\tat org.eclipse.jdt.internal.junit.runner.RemoteTestRunner.main(RemoteTestRunner.java:211)\r\nCaused by: io.cucumber.core.backend.CucumberBackendException: Failed to invoke public void hellocucumber.StepDefinitionsActivity.the_project_leader_with_UID_sets_the_dates_to_and(java.lang.String,java.util.Date,java.util.Date)\r\n\tat io.cucumber.java.Invoker.doInvoke(Invoker.java:68)\r\n\tat io.cucumber.java.Invoker.invoke(Invoker.java:24)\r\n\tat io.cucumber.java.AbstractGlueDefinition.invokeMethod(AbstractGlueDefinition.java:47)\r\n\tat io.cucumber.java.JavaStepDefinition.execute(JavaStepDefinition.java:29)\r\n\tat io.cucumber.core.runner.CoreStepDefinition.execute(CoreStepDefinition.java:66)\r\n\tat io.cucumber.core.runner.PickleStepDefinitionMatch.runStep(PickleStepDefinitionMatch.java:62)\r\n\t... 79 more\r\nCaused by: java.lang.IllegalArgumentException: argument type mismatch\r\n\tat java.base/jdk.internal.reflect.DirectMethodHandleAccessor.invoke(Unknown Source)\r\n\tat java.base/java.lang.reflect.Method.invoke(Unknown Source)\r\n\tat io.cucumber.java.Invoker.doInvoke(Invoker.java:66)\r\n\t... 84 more\r\n","duration":9831600,"status":"failed"},"line":15,"name":"the project leader with UID \"XX20\" sets the dates to \"week 11 year 2022\" and \"week 16 year 2022\"","match":{"arguments":[{"val":"\"XX20\"","offset":28},{"val":"\"week 11 year 2022\"","offset":53},{"val":"\"week 16 year 2022\"","offset":77}],"location":"hellocucumber.StepDefinitionsActivity.the_project_leader_with_UID_sets_the_dates_to_and(java.lang.String,java.util.Date,java.util.Date)"},"keyword":"When "},{"result":{"status":"skipped"},"line":16,"name":"the activity with name \"Build bench\" now has start date \"uge 11 year 2022\" and end date \"week 16 year 2022\"","match":{"arguments":[{"val":"\"Build bench\"","offset":23},{"val":"\"uge 11 year 2022\"","offset":56},{"val":"\"week 16 year 2022\"","offset":88}],"location":"hellocucumber.StepDefinitionsActivity.the_activity_with_name_now_has_start_date_and_end_date(java.lang.String,java.lang.String,java.lang.String)"},"keyword":"Then "}]},{"start_timestamp":"2025-04-28T13:41:35.316Z","line":18,"name":"Add employee with 20 activites to a new activity","description":"","id":"activity-register-#jeppe;add-employee-with-20-activites-to-a-new-activity","type":"scenario","keyword":"Scenario","steps":[{"result":{"error_message":"io.cucumber.core.exception.CucumberException: Step [an activity with name {string}] is defined with 0 parameters at 'hellocucumber.StepDefinitionsActivity.an_activity_with_name()'.\nHowever, the gherkin step has 1 arguments:\n * \"Build bench\"\nStep text: an activity with name \"Build bench\"\r\n\tat io.cucumber.core.runner.PickleStepDefinitionMatch.arityMismatch(PickleStepDefinitionMatch.java:82)\r\n\tat io.cucumber.core.runner.PickleStepDefinitionMatch.runStep(PickleStepDefinitionMatch.java:41)\r\n\tat io.cucumber.core.runner.ExecutionMode$1.execute(ExecutionMode.java:10)\r\n\tat io.cucumber.core.runner.TestStep.executeStep(TestStep.java:81)\r\n\tat io.cucumber.core.runner.TestStep.run(TestStep.java:53)\r\n\tat io.cucumber.core.runner.PickleStepTestStep.run(PickleStepTestStep.java:51)\r\n\tat io.cucumber.core.runner.TestCase.run(TestCase.java:84)\r\n\tat io.cucumber.core.runner.Runner.runPickle(Runner.java:75)\r\n\tat io.cucumber.junit.platform.engine.CucumberEngineExecutionContext.lambda$runTestCase$4(CucumberEngineExecutionContext.java:114)\r\n\tat io.cucumber.core.runtime.CucumberExecutionContext.lambda$runTestCase$5(CucumberExecutionContext.java:136)\r\n\tat io.cucumber.core.runtime.RethrowingThrowableCollector.executeAndThrow(RethrowingThrowableCollector.java:23)\r\n\tat io.cucumber.core.runtime.CucumberExecutionContext.runTestCase(CucumberExecutionContext.java:136)\r\n\tat io.cucumber.junit.platform.engine.CucumberEngineExecutionContext.runTestCase(CucumberEngineExecutionContext.java:111)\r\n\tat io.cucumber.junit.platform.engine.NodeDescriptor$PickleDescriptor.execute(NodeDescriptor.java:168)\r\n\tat io.cucumber.junit.platform.engine.NodeDescriptor$PickleDescriptor.execute(NodeDescriptor.java:90)\r\n\tat org.junit.platform.engine.support.hierarchical.NodeTestTask.lambda$executeRecursively$6(NodeTestTask.java:156)\r\n\tat org.junit.platform.engine.support.hierarchical.ThrowableCollector.execute(ThrowableCollector.java:73)\r\n\tat org.junit.platform.engine.support.hierarchical.NodeTestTask.lambda$executeRecursively$8(NodeTestTask.java:146)\r\n\tat org.junit.platform.engine.support.hierarchical.Node.around(Node.java:137)\r\n\tat org.junit.platform.engine.support.hierarchical.NodeTestTask.lambda$executeRecursively$9(NodeTestTask.java:144)\r\n\tat org.junit.platform.engine.support.hierarchical.ThrowableCollector.execute(ThrowableCollector.java:73)\r\n\tat org.junit.platform.engine.support.hierarchical.NodeTestTask.executeRecursively(NodeTestTask.java:143)\r\n\tat org.junit.platform.engine.support.hierarchical.NodeTestTask.execute(NodeTestTask.java:100)\r\n\tat java.base/java.util.ArrayList.forEach(Unknown Source)\r\n\tat org.junit.platform.engine.support.hierarchical.SameThreadHierarchicalTestExecutorService.invokeAll(SameThreadHierarchicalTestExecutorService.java:41)\r\n\tat org.junit.platform.engine.support.hierarchical.NodeTestTask.lambda$executeRecursively$6(NodeTestTask.java:160)\r\n\tat org.junit.platform.engine.support.hierarchical.ThrowableCollector.execute(ThrowableCollector.java:73)\r\n\tat org.junit.platform.engine.support.hierarchical.NodeTestTask.lambda$executeRecursively$8(NodeTestTask.java:146)\r\n\tat org.junit.platform.engine.support.hierarchical.Node.around(Node.java:137)\r\n\tat org.junit.platform.engine.support.hierarchical.NodeTestTask.lambda$executeRecursively$9(NodeTestTask.java:144)\r\n\tat org.junit.platform.engine.support.hierarchical.ThrowableCollector.execute(ThrowableCollector.java:73)\r\n\tat org.junit.platform.engine.support.hierarchical.NodeTestTask.executeRecursively(NodeTestTask.java:143)\r\n\tat org.junit.platform.engine.support.hierarchical.NodeTestTask.execute(NodeTestTask.java:100)\r\n\tat java.base/java.util.ArrayList.forEach(Unknown Source)\r\n\tat org.junit.platform.engine.support.hierarchical.SameThreadHierarchicalTestExecutorService.invokeAll(SameThreadHierarchicalTestExecutorService.java:41)\r\n\tat org.junit.platform.engine.support.hierarchical.NodeTestTask.lambda$executeRecursively$6(NodeTestTask.java:160)\r\n\tat org.junit.platform.engine.support.hierarchical.ThrowableCollector.execute(ThrowableCollector.java:73)\r\n\tat org.junit.platform.engine.support.hierarchical.NodeTestTask.lambda$executeRecursively$8(NodeTestTask.java:146)\r\n\tat org.junit.platform.engine.support.hierarchical.Node.around(Node.java:137)\r\n\tat org.junit.platform.engine.support.hierarchical.NodeTestTask.lambda$executeRecursively$9(NodeTestTask.java:144)\r\n\tat org.junit.platform.engine.support.hierarchical.ThrowableCollector.execute(ThrowableCollector.java:73)\r\n\tat org.junit.platform.engine.support.hierarchical.NodeTestTask.executeRecursively(NodeTestTask.java:143)\r\n\tat org.junit.platform.engine.support.hierarchical.NodeTestTask.execute(NodeTestTask.java:100)\r\n\tat org.junit.platform.engine.support.hierarchical.SameThreadHierarchicalTestExecutorService.submit(SameThreadHierarchicalTestExecutorService.java:35)\r\n\tat org.junit.platform.engine.support.hierarchical.HierarchicalTestExecutor.execute(HierarchicalTestExecutor.java:57)\r\n\tat org.junit.platform.engine.support.hierarchical.HierarchicalTestEngine.execute(HierarchicalTestEngine.java:54)\r\n\tat org.junit.platform.launcher.core.EngineExecutionOrchestrator.execute(EngineExecutionOrchestrator.java:198)\r\n\tat org.junit.platform.launcher.core.EngineExecutionOrchestrator.execute(EngineExecutionOrchestrator.java:169)\r\n\tat org.junit.platform.launcher.core.EngineExecutionOrchestrator.execute(EngineExecutionOrchestrator.java:93)\r\n\tat org.junit.platform.launcher.core.EngineExecutionOrchestrator.execute(EngineExecutionOrchestrator.java:76)\r\n\tat org.junit.platform.suite.engine.SuiteLauncher.execute(SuiteLauncher.java:63)\r\n\tat org.junit.platform.suite.engine.SuiteTestDescriptor.executeTests(SuiteTestDescriptor.java:168)\r\n\tat org.junit.platform.suite.engine.SuiteTestDescriptor.execute(SuiteTestDescriptor.java:137)\r\n\tat org.junit.platform.suite.engine.SuiteTestEngine.lambda$execute$0(SuiteTestEngine.java:73)\r\n\tat java.base/java.util.stream.ForEachOps$ForEachOp$OfRef.accept(Unknown Source)\r\n\tat java.base/java.util.stream.ReferencePipeline$3$1.accept(Unknown Source)\r\n\tat java.base/java.util.Iterator.forEachRemaining(Unknown Source)\r\n\tat java.base/java.util.Spliterators$IteratorSpliterator.forEachRemaining(Unknown Source)\r\n\tat java.base/java.util.stream.AbstractPipeline.copyInto(Unknown Source)\r\n\tat java.base/java.util.stream.AbstractPipeline.wrapAndCopyInto(Unknown Source)\r\n\tat java.base/java.util.stream.ForEachOps$ForEachOp.evaluateSequential(Unknown Source)\r\n\tat java.base/java.util.stream.ForEachOps$ForEachOp$OfRef.evaluateSequential(Unknown Source)\r\n\tat java.base/java.util.stream.AbstractPipeline.evaluate(Unknown Source)\r\n\tat java.base/java.util.stream.ReferencePipeline.forEach(Unknown Source)\r\n\tat org.junit.platform.suite.engine.SuiteTestEngine.execute(SuiteTestEngine.java:73)\r\n\tat org.junit.platform.launcher.core.EngineExecutionOrchestrator.execute(EngineExecutionOrchestrator.java:198)\r\n\tat org.junit.platform.launcher.core.EngineExecutionOrchestrator.execute(EngineExecutionOrchestrator.java:169)\r\n\tat org.junit.platform.launcher.core.EngineExecutionOrchestrator.execute(EngineExecutionOrchestrator.java:93)\r\n\tat org.junit.platform.launcher.core.EngineExecutionOrchestrator.lambda$execute$0(EngineExecutionOrchestrator.java:58)\r\n\tat org.junit.platform.launcher.core.EngineExecutionOrchestrator.withInterceptedStreams(EngineExecutionOrchestrator.java:141)\r\n\tat org.junit.platform.launcher.core.EngineExecutionOrchestrator.execute(EngineExecutionOrchestrator.java:57)\r\n\tat org.junit.platform.launcher.core.DefaultLauncher.execute(DefaultLauncher.java:103)\r\n\tat org.junit.platform.launcher.core.DefaultLauncher.execute(DefaultLauncher.java:94)\r\n\tat org.junit.platform.launcher.core.DelegatingLauncher.execute(DelegatingLauncher.java:52)\r\n\tat org.junit.platform.launcher.core.SessionPerRequestLauncher.execute(SessionPerRequestLauncher.java:70)\r\n\tat org.eclipse.jdt.internal.junit5.runner.JUnit5TestReference.run(JUnit5TestReference.java:100)\r\n\tat org.eclipse.jdt.internal.junit.runner.TestExecution.run(TestExecution.java:40)\r\n\tat org.eclipse.jdt.internal.junit.runner.RemoteTestRunner.runTests(RemoteTestRunner.java:520)\r\n\tat org.eclipse.jdt.internal.junit.runner.RemoteTestRunner.runTests(RemoteTestRunner.java:748)\r\n\tat org.eclipse.jdt.internal.junit.runner.RemoteTestRunner.run(RemoteTestRunner.java:443)\r\n\tat org.eclipse.jdt.internal.junit.runner.RemoteTestRunner.main(RemoteTestRunner.java:211)\r\n","duration":2010900,"status":"failed"},"line":19,"name":"an activity with name \"Build bench\"","match":{"arguments":[{"val":"\"Build bench\"","offset":22}],"location":"hellocucumber.StepDefinitionsActivity.an_activity_with_name()"},"keyword":"Given "},{"result":{"status":"skipped"},"line":20,"name":"an employee with UID \"XX02\" who has 20 ongoing activites tries to join the activity with name \"Build bench\"","match":{"arguments":[{"val":"\"XX02\"","offset":21},{"val":"20","offset":36},{"val":"\"Build bench\"","offset":94}],"location":"hellocucumber.StepDefinitionsActivity.an_employee_with_UID_who_has_ongoin_activites_tries_to_join_the_activity(java.lang.String,int,java.lang.String)"},"keyword":"When "},{"result":{"status":"skipped"},"line":21,"name":"the employee with UID \"XX02\" is not added to the activity","match":{"arguments":[{"val":"\"XX02\"","offset":22}],"location":"hellocucumber.StepDefinitionsActivity.the_employee_with_UID_is_not_added_to_the_activity(java.lang.String)"},"keyword":"Then "}]},{"start_timestamp":"2025-04-28T13:41:35.371Z","line":23,"name":"Remove an employee from an activity","description":"","id":"activity-register-#jeppe;remove-an-employee-from-an-activity","type":"scenario","keyword":"Scenario","steps":[{"result":{"status":"passed"},"line":24,"name":"an activity with name \"Implementation\" and an employee with UID \"XX02\"","match":{"arguments":[{"val":"\"Implementation\"","offset":22},{"val":"\"XX02\"","offset":64}],"location":"hellocucumber.StepDefinitionsActivity.an_activity_with_name_and_an_employee_with_UID(java.lang.String,java.lang.String)"},"keyword":"Given "},{"result":{"duration":2011300,"status":"passed"},"line":25,"name":"the project leader with UID \"XX20\" removes the employee with UID \"XX02\" from the activity","match":{"arguments":[{"val":"\"XX20\"","offset":28},{"val":"\"XX02\"","offset":65}],"location":"hellocucumber.StepDefinitionsActivity.the_project_leader_with_UID_removes_the_employee_with_UID_from_the_activity(java.lang.String,java.lang.String)"},"keyword":"When "},{"result":{"duration":2014700,"status":"passed"},"line":26,"name":"the employee with UID \"XX02\" is removed from the activity","match":{"arguments":[{"val":"\"XX02\"","offset":22}],"location":"hellocucumber.StepDefinitionsActivity.the_employee_with_UID_is_removed_from_the_activity(java.lang.String)"},"keyword":"Then "}]},{"start_timestamp":"2025-04-28T13:41:35.474Z","line":28,"name":"Edit previously registered work hours","description":"","id":"activity-register-#jeppe;edit-previously-registered-work-hours","type":"scenario","keyword":"Scenario","steps":[{"result":{"duration":11181800,"status":"passed"},"line":29,"name":"an activity with name \"Testing\" with 10 hours registered","match":{"arguments":[{"val":"\"Testing\"","offset":22},{"val":"10","offset":37}],"location":"hellocucumber.StepDefinitionsActivity.an_activity_with_name_with_hours_registered(java.lang.String,int)"},"keyword":"Given "},{"result":{"error_message":"io.cucumber.core.exception.CucumberException: Step [an employee adds {int} hour to the registered work time] is defined with 2 parameters at 'hellocucumber.StepDefinitionsActivity.an_employee_changes_the_registered_time_from_hours_to_hours(int,int)'.\nHowever, the gherkin step has 1 arguments:\n * 1\nStep text: an employee adds 1 hour to the registered work time\r\n\tat io.cucumber.core.runner.PickleStepDefinitionMatch.arityMismatch(PickleStepDefinitionMatch.java:82)\r\n\tat io.cucumber.core.runner.PickleStepDefinitionMatch.runStep(PickleStepDefinitionMatch.java:41)\r\n\tat io.cucumber.core.runner.ExecutionMode$1.execute(ExecutionMode.java:10)\r\n\tat io.cucumber.core.runner.TestStep.executeStep(TestStep.java:81)\r\n\tat io.cucumber.core.runner.TestStep.run(TestStep.java:53)\r\n\tat io.cucumber.core.runner.PickleStepTestStep.run(PickleStepTestStep.java:51)\r\n\tat io.cucumber.core.runner.TestCase.run(TestCase.java:84)\r\n\tat io.cucumber.core.runner.Runner.runPickle(Runner.java:75)\r\n\tat io.cucumber.junit.platform.engine.CucumberEngineExecutionContext.lambda$runTestCase$4(CucumberEngineExecutionContext.java:114)\r\n\tat io.cucumber.core.runtime.CucumberExecutionContext.lambda$runTestCase$5(CucumberExecutionContext.java:136)\r\n\tat io.cucumber.core.runtime.RethrowingThrowableCollector.executeAndThrow(RethrowingThrowableCollector.java:23)\r\n\tat io.cucumber.core.runtime.CucumberExecutionContext.runTestCase(CucumberExecutionContext.java:136)\r\n\tat io.cucumber.junit.platform.engine.CucumberEngineExecutionContext.runTestCase(CucumberEngineExecutionContext.java:111)\r\n\tat io.cucumber.junit.platform.engine.NodeDescriptor$PickleDescriptor.execute(NodeDescriptor.java:168)\r\n\tat io.cucumber.junit.platform.engine.NodeDescriptor$PickleDescriptor.execute(NodeDescriptor.java:90)\r\n\tat org.junit.platform.engine.support.hierarchical.NodeTestTask.lambda$executeRecursively$6(NodeTestTask.java:156)\r\n\tat org.junit.platform.engine.support.hierarchical.ThrowableCollector.execute(ThrowableCollector.java:73)\r\n\tat org.junit.platform.engine.support.hierarchical.NodeTestTask.lambda$executeRecursively$8(NodeTestTask.java:146)\r\n\tat org.junit.platform.engine.support.hierarchical.Node.around(Node.java:137)\r\n\tat org.junit.platform.engine.support.hierarchical.NodeTestTask.lambda$executeRecursively$9(NodeTestTask.java:144)\r\n\tat org.junit.platform.engine.support.hierarchical.ThrowableCollector.execute(ThrowableCollector.java:73)\r\n\tat org.junit.platform.engine.support.hierarchical.NodeTestTask.executeRecursively(NodeTestTask.java:143)\r\n\tat org.junit.platform.engine.support.hierarchical.NodeTestTask.execute(NodeTestTask.java:100)\r\n\tat java.base/java.util.ArrayList.forEach(Unknown Source)\r\n\tat org.junit.platform.engine.support.hierarchical.SameThreadHierarchicalTestExecutorService.invokeAll(SameThreadHierarchicalTestExecutorService.java:41)\r\n\tat org.junit.platform.engine.support.hierarchical.NodeTestTask.lambda$executeRecursively$6(NodeTestTask.java:160)\r\n\tat org.junit.platform.engine.support.hierarchical.ThrowableCollector.execute(ThrowableCollector.java:73)\r\n\tat org.junit.platform.engine.support.hierarchical.NodeTestTask.lambda$executeRecursively$8(NodeTestTask.java:146)\r\n\tat org.junit.platform.engine.support.hierarchical.Node.around(Node.java:137)\r\n\tat org.junit.platform.engine.support.hierarchical.NodeTestTask.lambda$executeRecursively$9(NodeTestTask.java:144)\r\n\tat org.junit.platform.engine.support.hierarchical.ThrowableCollector.execute(ThrowableCollector.java:73)\r\n\tat org.junit.platform.engine.support.hierarchical.NodeTestTask.executeRecursively(NodeTestTask.java:143)\r\n\tat org.junit.platform.engine.support.hierarchical.NodeTestTask.execute(NodeTestTask.java:100)\r\n\tat java.base/java.util.ArrayList.forEach(Unknown Source)\r\n\tat org.junit.platform.engine.support.hierarchical.SameThreadHierarchicalTestExecutorService.invokeAll(SameThreadHierarchicalTestExecutorService.java:41)\r\n\tat org.junit.platform.engine.support.hierarchical.NodeTestTask.lambda$executeRecursively$6(NodeTestTask.java:160)\r\n\tat org.junit.platform.engine.support.hierarchical.ThrowableCollector.execute(ThrowableCollector.java:73)\r\n\tat org.junit.platform.engine.support.hierarchical.NodeTestTask.lambda$executeRecursively$8(NodeTestTask.java:146)\r\n\tat org.junit.platform.engine.support.hierarchical.Node.around(Node.java:137)\r\n\tat org.junit.platform.engine.support.hierarchical.NodeTestTask.lambda$executeRecursively$9(NodeTestTask.java:144)\r\n\tat org.junit.platform.engine.support.hierarchical.ThrowableCollector.execute(ThrowableCollector.java:73)\r\n\tat org.junit.platform.engine.support.hierarchical.NodeTestTask.executeRecursively(NodeTestTask.java:143)\r\n\tat org.junit.platform.engine.support.hierarchical.NodeTestTask.execute(NodeTestTask.java:100)\r\n\tat org.junit.platform.engine.support.hierarchical.SameThreadHierarchicalTestExecutorService.submit(SameThreadHierarchicalTestExecutorService.java:35)\r\n\tat org.junit.platform.engine.support.hierarchical.HierarchicalTestExecutor.execute(HierarchicalTestExecutor.java:57)\r\n\tat org.junit.platform.engine.support.hierarchical.HierarchicalTestEngine.execute(HierarchicalTestEngine.java:54)\r\n\tat org.junit.platform.launcher.core.EngineExecutionOrchestrator.execute(EngineExecutionOrchestrator.java:198)\r\n\tat org.junit.platform.launcher.core.EngineExecutionOrchestrator.execute(EngineExecutionOrchestrator.java:169)\r\n\tat org.junit.platform.launcher.core.EngineExecutionOrchestrator.execute(EngineExecutionOrchestrator.java:93)\r\n\tat org.junit.platform.launcher.core.EngineExecutionOrchestrator.execute(EngineExecutionOrchestrator.java:76)\r\n\tat org.junit.platform.suite.engine.SuiteLauncher.execute(SuiteLauncher.java:63)\r\n\tat org.junit.platform.suite.engine.SuiteTestDescriptor.executeTests(SuiteTestDescriptor.java:168)\r\n\tat org.junit.platform.suite.engine.SuiteTestDescriptor.execute(SuiteTestDescriptor.java:137)\r\n\tat org.junit.platform.suite.engine.SuiteTestEngine.lambda$execute$0(SuiteTestEngine.java:73)\r\n\tat java.base/java.util.stream.ForEachOps$ForEachOp$OfRef.accept(Unknown Source)\r\n\tat java.base/java.util.stream.ReferencePipeline$3$1.accept(Unknown Source)\r\n\tat java.base/java.util.Iterator.forEachRemaining(Unknown Source)\r\n\tat java.base/java.util.Spliterators$IteratorSpliterator.forEachRemaining(Unknown Source)\r\n\tat java.base/java.util.stream.AbstractPipeline.copyInto(Unknown Source)\r\n\tat java.base/java.util.stream.AbstractPipeline.wrapAndCopyInto(Unknown Source)\r\n\tat java.base/java.util.stream.ForEachOps$ForEachOp.evaluateSequential(Unknown Source)\r\n\tat java.base/java.util.stream.ForEachOps$ForEachOp$OfRef.evaluateSequential(Unknown Source)\r\n\tat java.base/java.util.stream.AbstractPipeline.evaluate(Unknown Source)\r\n\tat java.base/java.util.stream.ReferencePipeline.forEach(Unknown Source)\r\n\tat org.junit.platform.suite.engine.SuiteTestEngine.execute(SuiteTestEngine.java:73)\r\n\tat org.junit.platform.launcher.core.EngineExecutionOrchestrator.execute(EngineExecutionOrchestrator.java:198)\r\n\tat org.junit.platform.launcher.core.EngineExecutionOrchestrator.execute(EngineExecutionOrchestrator.java:169)\r\n\tat org.junit.platform.launcher.core.EngineExecutionOrchestrator.execute(EngineExecutionOrchestrator.java:93)\r\n\tat org.junit.platform.launcher.core.EngineExecutionOrchestrator.lambda$execute$0(EngineExecutionOrchestrator.java:58)\r\n\tat org.junit.platform.launcher.core.EngineExecutionOrchestrator.withInterceptedStreams(EngineExecutionOrchestrator.java:141)\r\n\tat org.junit.platform.launcher.core.EngineExecutionOrchestrator.execute(EngineExecutionOrchestrator.java:57)\r\n\tat org.junit.platform.launcher.core.DefaultLauncher.execute(DefaultLauncher.java:103)\r\n\tat org.junit.platform.launcher.core.DefaultLauncher.execute(DefaultLauncher.java:94)\r\n\tat org.junit.platform.launcher.core.DelegatingLauncher.execute(DelegatingLauncher.java:52)\r\n\tat org.junit.platform.launcher.core.SessionPerRequestLauncher.execute(SessionPerRequestLauncher.java:70)\r\n\tat org.eclipse.jdt.internal.junit5.runner.JUnit5TestReference.run(JUnit5TestReference.java:100)\r\n\tat org.eclipse.jdt.internal.junit.runner.TestExecution.run(TestExecution.java:40)\r\n\tat org.eclipse.jdt.internal.junit.runner.RemoteTestRunner.runTests(RemoteTestRunner.java:520)\r\n\tat org.eclipse.jdt.internal.junit.runner.RemoteTestRunner.runTests(RemoteTestRunner.java:748)\r\n\tat org.eclipse.jdt.internal.junit.runner.RemoteTestRunner.run(RemoteTestRunner.java:443)\r\n\tat org.eclipse.jdt.internal.junit.runner.RemoteTestRunner.main(RemoteTestRunner.java:211)\r\n","duration":4027000,"status":"failed"},"line":30,"name":"an employee adds 1 hour to the registered work time","match":{"arguments":[{"val":"1","offset":17}],"location":"hellocucumber.StepDefinitionsActivity.an_employee_changes_the_registered_time_from_hours_to_hours(int,int)"},"keyword":"When "},{"result":{"status":"skipped"},"line":31,"name":"the activity with name \"Testing\" now has 11 hours of registered time","match":{"arguments":[{"val":"\"Testing\"","offset":23},{"val":"11","offset":41}],"location":"hellocucumber.StepDefinitionsActivity.the_activity_with_name_now_has_hours_of_registered_time(java.lang.String,int)"},"keyword":"Then "}]}],"name":"Activity Register #Jeppe","description":"","id":"activity-register-#jeppe","keyword":"Feature","uri":"file:features/Activity.feature","tags":[]},{"line":1,"elements":[{"start_timestamp":"2025-04-28T13:41:35.515Z","line":3,"name":"","description":"","id":"information-about-activity-#jeppe;","type":"scenario","keyword":"Scenario","steps":[]}],"name":"Information about activity #Jeppe","description":"","id":"information-about-activity-#jeppe","keyword":"Feature","uri":"file:features/Activity_info.feature","tags":[]},{"line":1,"elements":[{"start_timestamp":"2025-04-28T13:41:35.565Z","line":3,"name":"Add project \"projectTest\" leader to project with already existing project leader","description":"","id":"project-leader-//frank;add-project-\"projecttest\"-leader-to-project-with-already-existing-project-leader","type":"scenario","keyword":"Scenario","steps":[{"result":{"error_message":"java.lang.NullPointerException: Cannot invoke \"dtu.example.ui.App.addProject(String)\" because \"this.app\" is null\r\n\tat hellofx/hellocucumber.StepDefinitionsProject.aProjectWithAProjectLeaderWithUID(StepDefinitionsProject.java:23)\r\n\tat âœ½.a Project \"testproject\" with a project leader with UID \"ELLE\"(file:///C:/Users/nikol/OneDrive/Documents/UNI/sem_4/software_eng/Final_project/Software-Projekt-main/features/Add_Leader_Fail.feature:4)\r\n","duration":4021600,"status":"failed"},"line":4,"name":"a Project \"testproject\" with a project leader with UID \"ELLE\"","match":{"arguments":[{"val":"\"testproject\"","offset":10},{"val":"\"ELLE\"","offset":55}],"location":"hellocucumber.StepDefinitionsProject.aProjectWithAProjectLeaderWithUID(java.lang.String,java.lang.String)"},"keyword":"Given "},{"result":{"status":"skipped"},"line":5,"name":"an employee with UID \"HUBA\" tries to become project leader","match":{"arguments":[{"val":"\"HUBA\"","offset":21}],"location":"hellocucumber.StepDefinitionsProject.anEmployeeWithUIDTriesToBecomeProjectLeader(java.lang.String)"},"keyword":"When "},{"result":{"status":"skipped"},"line":6,"name":"the employee with UID \"HUBA\" is not project leader","match":{"arguments":[{"val":"\"HUBA\"","offset":22}],"location":"hellocucumber.StepDefinitionsProject.theemployeewithUIDisnotprojectleader(java.lang.String)"},"keyword":"Then "}]}],"name":"Project Leader //Frank","description":"","id":"project-leader-//frank","keyword":"Feature","uri":"file:features/Add_Leader_Fail.feature","tags":[]},{"line":1,"elements":[{"start_timestamp":"2025-04-28T13:41:35.598Z","line":3,"name":"A new user is added to the program","description":"","id":"app-capabilities;a-new-user-is-added-to-the-program","type":"scenario","keyword":"Scenario","steps":[{"result":{"status":"passed"},"line":4,"name":"An app","match":{"location":"hellocucumber.StepDefinitionsApp.anApp()"},"keyword":"Given "},{"result":{"status":"passed"},"line":5,"name":"A new user registers and enters a UID \"ELLE\"","match":{"arguments":[{"val":"\"ELLE\"","offset":38}],"location":"hellocucumber.StepDefinitionsApp.aNewUserRegistersAndEntersAUID(java.lang.String)"},"keyword":"When "},{"result":{"duration":2014900,"status":"passed"},"line":6,"name":"A user with the name \"ELLE\" exists","match":{"arguments":[{"val":"\"ELLE\"","offset":21}],"location":"hellocucumber.StepDefinitionsApp.aUserWithTheNameExists(java.lang.String)"},"keyword":"Then "}]},{"start_timestamp":"2025-04-28T13:41:35.625Z","line":9,"name":"A new user tries to register with the name UID as an already registered user","description":"","id":"app-capabilities;a-new-user-tries-to-register-with-the-name-uid-as-an-already-registered-user","type":"scenario","keyword":"Scenario","steps":[{"result":{"duration":2014900,"status":"passed"},"line":10,"name":"An app with a user with UID: \"ELLE\"","match":{"arguments":[{"val":"\"ELLE\"","offset":29}],"location":"hellocucumber.StepDefinitionsApp.anAppAndANewUserWithTheUID(java.lang.String)"},"keyword":"Given "},{"result":{"status":"passed"},"line":11,"name":"A new user registers and enters an existing UID \"ELLE\"","match":{"arguments":[{"val":"\"ELLE\"","offset":48}],"location":"hellocucumber.StepDefinitionsApp.aNewUserRegistersAndEntersAnExistingUID(java.lang.String)"},"keyword":"When "},{"result":{"duration":2012400,"status":"passed"},"line":12,"name":"registration fails","match":{"location":"hellocucumber.StepDefinitionsApp.registrationFails()"},"keyword":"Then "}]}],"name":"App capabilities","description":"","id":"app-capabilities","keyword":"Feature","uri":"file:features/App%20capabilities.feature","tags":[]},{"line":1,"elements":[{"start_timestamp":"2025-04-28T13:41:35.752Z","line":3,"name":"Register a new activity","description":"","id":"project.feature;register-a-new-activity","type":"scenario","keyword":"Scenario","steps":[{"result":{"status":"undefined"},"line":4,"name":"a Project with name \"Maintenance\"","match":{},"keyword":"Given "},{"result":{"duration":2015000,"status":"skipped"},"line":5,"name":"an employee who is not the project leader adds new activity with name \"Cleaning\"","match":{},"keyword":"When "},{"result":{"status":"skipped"},"line":6,"name":"the Project has an activity named \"Cleaning\"","match":{},"keyword":"Then "}]},{"start_timestamp":"2025-04-28T13:41:35.841Z","line":8,"name":"Timeregistering","description":"","id":"project.feature;timeregistering","type":"scenario","keyword":"Scenario","steps":[{"result":{"status":"undefined"},"line":9,"name":"a Project with name \"Maintenance\" and activity named \"Cleaning\"","match":{},"keyword":"Given "},{"result":{"status":"skipped"},"line":10,"name":"an employee with UID \"XX01\" registers time for the activity \"Cleaning\" with 2 hours","match":{},"keyword":"When "},{"result":{"status":"skipped"},"line":11,"name":"activity \"Cleaning\" has 0 hours worked","match":{},"keyword":"And "},{"result":{"duration":4477200,"status":"skipped"},"line":12,"name":"activity \"Cleaning\" has 30 available hours","match":{},"keyword":"And "},{"result":{"duration":1601800,"status":"skipped"},"line":13,"name":"activity \"Cleaning\" has 2 hours worked and 28 hours available","match":{},"keyword":"Then "}]},{"start_timestamp":"2025-04-28T13:41:35.906Z","line":15,"name":"Register a user as project leader","description":"","id":"project.feature;register-a-user-as-project-leader","type":"scenario","keyword":"Scenario","steps":[{"result":{"status":"undefined"},"line":16,"name":"a Project with name \"Maintenance\" and activity named \"Cleaning\" without a project leader","match":{},"keyword":"Given "},{"result":{"duration":2008200,"status":"skipped"},"line":17,"name":"an employee with UID \"ELLE\" is registered to the project takes the role as project leader","match":{},"keyword":"When "},{"result":{"status":"skipped"},"line":18,"name":"the Project with name \"Maintenance\" has a project leader with the UID \"ELLE\"","match":{},"keyword":"Then "}]}],"name":"Project.Feature","description":"","id":"project.feature","keyword":"Feature","uri":"file:features/Project.feature","tags":[]},{"line":1,"elements":[{"start_timestamp":"2025-04-28T13:41:36.020Z","line":3,"name":"","description":"","id":"user-methode-tests;","type":"scenario","keyword":"Scenario","steps":[]}],"name":"user methode tests","description":"","id":"user-methode-tests","keyword":"Feature","uri":"file:features/UserTests.feature","tags":[]}]